*** ENVIRONMENT CRASH ***

Date: Mar 28 2019 23:49

File Name: C:\Program Files\Open Turing\turing.exe
Version: 1.0.1  [11]
File Size: 4573696
File Date: Aug 30 2016 19:59
Operating System: After Windows XP
JVM: Ready Built-in JRE (1.4.2 or later)
"assert" Statements: disabled


Cause of Crash: Access Violation

Previous Operations:
    Text - sz:20:743 - slFr:19:32:742 - slTo:19:32:742 - nlA:0
    Line Starts: 17:657 18:677 19:710 20:743
  CMD: WM_LBUTTONDOWN (D)
    Set Selection (1) - Text: 7c4ac90 - L: 19 - C: 38
    Text - sz:20:743 - slFr:742 - slTo:742 - nlA:0
    Line Starts: 17:657 18:677 19:710 20:743
    Set Selection (2) - sz:20:743 - slFr:742 - slTo:742 - nlA:0
    Line Starts: 17:657 18:677 19:710 20:743
  CMD: WM_LBUTTONUP (D)
    Extend Selection - Text: 7c4ac90 - L: 19 - C: 38 (x1)
    Text - sz:20:743 - slFr:19:32:742 - slTo:19:32:742 - nlA:0
    Line Starts: 17:657 18:677 19:710 20:743
  CMD: WM_ACTIVATE (W)
  CMD: WM_ACTIVATE (W)
  CMD: WM_LBUTTONDOWN (D)
    Set Selection (1) - Text: 7c4a6d0 - L: 47 - C: 44
    Text - sz:62:1813 - slFr:0:2:2 - slTo:0:2:2 - nlA:0
    Line Starts: 59:1770 60:1799 61:1800 62:1813
    Set Selection (2) - sz:62:1813 - slFr:1235 - slTo:1235 - nlA:0
    Line Starts: 59:1770 60:1799 61:1800 62:1813
  CMD: WM_LBUTTONUP (D)
    Extend Selection - Text: 7c4a6d0 - L: 47 - C: 44 (x1)
    Text - sz:62:1813 - slFr:47:44:1235 - slTo:47:44:1235 - nlA:0
    Line Starts: 59:1770 60:1799 61:1800 62:1813
  CMD: WM_LBUTTONDOWN (D)
    Set Selection (1) - Text: 7c4a6d0 - L: 48 - C: 16
    Text - sz:62:1813 - slFr:1235 - slTo:1235 - nlA:0
    Line Starts: 59:1770 60:1799 61:1800 62:1813
    Set Selection (2) - sz:62:1813 - slFr:1281 - slTo:1281 - nlA:0
    Line Starts: 59:1770 60:1799 61:1800 62:1813
  CMD: WM_LBUTTONUP (D)
    Extend Selection - Text: 7c4a6d0 - L: 48 - C: 16 (x1)
    Text - sz:62:1813 - slFr:48:16:1281 - slTo:48:16:1281 - nlA:0
    Line Starts: 59:1770 60:1799 61:1800 62:1813
  CMD: WM_LBUTTONDOWN (D)
    Set Selection (1) - Text: 7c4a6d0 - L: 49 - C: 23
    Text - sz:62:1813 - slFr:1281 - slTo:1281 - nlA:0
    Line Starts: 59:1770 60:1799 61:1800 62:1813
    Set Selection (2) - sz:62:1813 - slFr:1351 - slTo:1351 - nlA:0
    Line Starts: 59:1770 60:1799 61:1800 62:1813
  CMD: WM_LBUTTONUP (D)
    Extend Selection - Text: 7c4a6d0 - L: 49 - C: 23 (x1)
    Text - sz:62:1813 - slFr:49:23:1351 - slTo:49:23:1351 - nlA:0
    Line Starts: 59:1770 60:1799 61:1800 62:1813
  CMD: WM_LBUTTONDOWN (D)
    Set Selection (1) - Text: 7c4a6d0 - L: 51 - C: 11
    Text - sz:62:1813 - slFr:1351 - slTo:1351 - nlA:0
    Line Starts: 59:1770 60:1799 61:1800 62:1813
    Set Selection (2) - sz:62:1813 - slFr:1413 - slTo:1413 - nlA:0
    Line Starts: 59:1770 60:1799 61:1800 62:1813
  CMD: WM_LBUTTONUP (D)
    Extend Selection - Text: 7c4a6d0 - L: 51 - C: 11 (x1)
    Text - sz:62:1813 - slFr:51:11:1413 - slTo:51:11:1413 - nlA:0
    Line Starts: 59:1770 60:1799 61:1800 62:1813
  CMD: WM_LBUTTONDOWN (D)
    Set Selection (1) - Text: 7c4a6d0 - L: 52 - C: 24
    Text - sz:62:1813 - slFr:1413 - slTo:1413 - nlA:0
    Line Starts: 59:1770 60:1799 61:1800 62:1813
    Set Selection (2) - sz:62:1813 - slFr:1474 - slTo:1474 - nlA:0
    Line Starts: 59:1770 60:1799 61:1800 62:1813
  CMD: WM_LBUTTONUP (D)
    Extend Selection - Text: 7c4a6d0 - L: 52 - C: 24 (x1)
    Text - sz:62:1813 - slFr:52:24:1474 - slTo:52:24:1474 - nlA:0
    Line Starts: 59:1770 60:1799 61:1800 62:1813
  CMD: WM_LBUTTONDOWN (D)
    Set Selection (1) - Text: 7c4a6d0 - L: 53 - C: 24
    Text - sz:62:1813 - slFr:1474 - slTo:1474 - nlA:0
    Line Starts: 59:1770 60:1799 61:1800 62:1813
    Set Selection (2) - sz:62:1813 - slFr:1561 - slTo:1561 - nlA:0
    Line Starts: 59:1770 60:1799 61:1800 62:1813
  CMD: WM_LBUTTONUP (D)
    Extend Selection - Text: 7c4a6d0 - L: 53 - C: 24 (x1)
    Text - sz:62:1813 - slFr:53:24:1561 - slTo:53:24:1561 - nlA:0
    Line Starts: 59:1770 60:1799 61:1800 62:1813
  CMD: WM_LBUTTONDOWN (D)
    Set Selection (1) - Text: 7c4a6d0 - L: 55 - C: 25
    Text - sz:62:1813 - slFr:1561 - slTo:1561 - nlA:0
    Line Starts: 59:1770 60:1799 61:1800 62:1813
    Set Selection (2) - sz:62:1813 - slFr:1722 - slTo:1722 - nlA:0
    Line Starts: 59:1770 60:1799 61:1800 62:1813
  CMD: WM_LBUTTONUP (D)
    Extend Selection - Text: 7c4a6d0 - L: 55 - C: 25 (x1)
    Text - sz:62:1813 - slFr:55:25:1722 - slTo:55:25:1722 - nlA:0
    Line Starts: 59:1770 60:1799 61:1800 62:1813
  CMD: WM_LBUTTONDOWN (D)
    Set Selection (1) - Text: 7c4a6d0 - L: 58 - C: 6
    Text - sz:62:1813 - slFr:1722 - slTo:1722 - nlA:0
    Line Starts: 59:1770 60:1799 61:1800 62:1813
    Set Selection (2) - sz:62:1813 - slFr:1747 - slTo:1747 - nlA:0
    Line Starts: 59:1770 60:1799 61:1800 62:1813
  CMD: WM_LBUTTONUP (D)
    Extend Selection - Text: 7c4a6d0 - L: 58 - C: 6 (x1)
    Text - sz:62:1813 - slFr:58:6:1747 - slTo:58:6:1747 - nlA:0
    Line Starts: 59:1770 60:1799 61:1800 62:1813
  CMD: WM_LBUTTONDOWN (D)
    Set Selection (1) - Text: 7c4a6d0 - L: 59 - C: 6
    Text - sz:62:1813 - slFr:1747 - slTo:1747 - nlA:0
    Line Starts: 59:1770 60:1799 61:1800 62:1813
    Set Selection (2) - sz:62:1813 - slFr:1776 - slTo:1776 - nlA:0
    Line Starts: 59:1770 60:1799 61:1800 62:1813
  CMD: WM_LBUTTONUP (D)
    Extend Selection - Text: 7c4a6d0 - L: 59 - C: 6 (x1)
    Text - sz:62:1813 - slFr:59:6:1776 - slTo:59:6:1776 - nlA:0
    Line Starts: 59:1770 60:1799 61:1800 62:1813
  CMD: WM_ACTIVATE (W)
  CMD: WM_ACTIVATE (W)
  CMD: WM_LBUTTONDOWN (D)
    Set Selection (1) - Text: 7c4ac90 - L: 19 - C: 44
    Text - sz:20:743 - slFr:19:32:742 - slTo:19:32:742 - nlA:0
    Line Starts: 17:657 18:677 19:710 20:743
    Set Selection (2) - sz:20:743 - slFr:742 - slTo:742 - nlA:0
    Line Starts: 17:657 18:677 19:710 20:743
    Extend Selection - Text: 7c4ac90 - L: 19 - C: 44 (x2)
    Text - sz:20:743 - slFr:742 - slTo:742 - nlA:0
    Line Starts: 17:657 18:677 19:710 20:743
  CMD: WM_LBUTTONUP (D)
    Extend Selection - Text: 7c4ac90 - L: 19 - C: 44 (x1)
    Text - sz:20:743 - slFr:742 - slTo:742 - nlA:0
    Line Starts: 17:657 18:677 19:710 20:743
  CMD: WM_ACTIVATE (W)
  CMD: WM_ACTIVATE (W)
  CMD: WM_ACTIVATE (W)
  CMD: WM_ACTIVATE (W)
  CMD: WM_LBUTTONDOWN (D)
    Set Selection (1) - Text: 7c4a6d0 - L: 31 - C: 38
    Text - sz:62:1813 - slFr:59:6:1776 - slTo:59:6:1776 - nlA:0
    Line Starts: 59:1770 60:1799 61:1800 62:1813
    Set Selection (2) - sz:62:1813 - slFr:897 - slTo:897 - nlA:0
    Line Starts: 59:1770 60:1799 61:1800 62:1813
    Extend Selection - Text: 7c4a6d0 - L: 31 - C: 38 (x3)
    Text - sz:62:1813 - slFr:897 - slTo:897 - nlA:0
    Line Starts: 59:1770 60:1799 61:1800 62:1813
  CMD: WM_LBUTTONUP (D)
    Extend Selection - Text: 7c4a6d0 - L: 31 - C: 38 (x1)
    Text - sz:62:1813 - slFr:897 - slTo:897 - nlA:0
    Line Starts: 59:1770 60:1799 61:1800 62:1813
  CMD: WM_SETFOCUS (W)
  CMD: COMMAND_OPEN_FILE (W)
  CMD: WM_ACTIVATE (W)
  CMD: WM_ACTIVATE (W)
    Create File (W1) - Name: C:\Users\remai\Desktop\game\game\klondike\selectStacks.t - Skel: 0
  CMD: WM_CREATE (W)
  CMD: WM_CREATE (D)
  CMD: WM_ACTIVATE (W)
  CMD: WM_ACTIVATE (W)
    Open File (1) - Window: 5b13a4 - Name: C:\Users\remai\Desktop\game\game\klondike\selectStacks.t - Example: <null>
    Set New Text (1) - Text: 7c4ad48 - size: 823
    Set New Text (2) - sz:19:832 - slFr:0 - slTo:0 - nlA:0
    Line Starts: 16:792 17:807 18:818 19:832
    Set Turing Values - Window: 5b13a4 - fileno: 104 - sizeptr: 6529ac - where: 52


Registers
  EAX=00000000  EBX=02872F91  ECX=0000006B  EDX=0000006B  ESI=0AACFBE9
  EDI=00000073  EBP=0019CDF0  ESP=0019CDD8  EIP=0045F3F0  FLG=00210202
  CS=0023  DS=002B  SS=002B  ES=002B  FS=0053  GS=002B

Not enough space for modules.

------------------------------------------------------
*** ENVIRONMENT CRASH ***

Date: Mar 28 2019 23:49

File Name: C:\Program Files\Open Turing\turing.exe
Version: 1.0.1  [11]
File Size: 4573696
File Date: Aug 30 2016 19:59
Operating System: After Windows XP
JVM: Ready Built-in JRE (1.4.2 or later)
"assert" Statements: disabled


Cause of Crash: Access Violation

Previous Operations:
    Text - sz:20:743 - slFr:19:32:742 - slTo:19:32:742 - nlA:0
    Line Starts: 17:657 18:677 19:710 20:743
  CMD: WM_LBUTTONDOWN (D)
    Set Selection (1) - Text: 7c4ac90 - L: 19 - C: 38
    Text - sz:20:743 - slFr:742 - slTo:742 - nlA:0
    Line Starts: 17:657 18:677 19:710 20:743
    Set Selection (2) - sz:20:743 - slFr:742 - slTo:742 - nlA:0
    Line Starts: 17:657 18:677 19:710 20:743
  CMD: WM_LBUTTONUP (D)
    Extend Selection - Text: 7c4ac90 - L: 19 - C: 38 (x1)
    Text - sz:20:743 - slFr:19:32:742 - slTo:19:32:742 - nlA:0
    Line Starts: 17:657 18:677 19:710 20:743
  CMD: WM_ACTIVATE (W)
  CMD: WM_ACTIVATE (W)
  CMD: WM_LBUTTONDOWN (D)
    Set Selection (1) - Text: 7c4a6d0 - L: 47 - C: 44
    Text - sz:62:1813 - slFr:0:2:2 - slTo:0:2:2 - nlA:0
    Line Starts: 59:1770 60:1799 61:1800 62:1813
    Set Selection (2) - sz:62:1813 - slFr:1235 - slTo:1235 - nlA:0
    Line Starts: 59:1770 60:1799 61:1800 62:1813
  CMD: WM_LBUTTONUP (D)
    Extend Selection - Text: 7c4a6d0 - L: 47 - C: 44 (x1)
    Text - sz:62:1813 - slFr:47:44:1235 - slTo:47:44:1235 - nlA:0
    Line Starts: 59:1770 60:1799 61:1800 62:1813
  CMD: WM_LBUTTONDOWN (D)
    Set Selection (1) - Text: 7c4a6d0 - L: 48 - C: 16
    Text - sz:62:1813 - slFr:1235 - slTo:1235 - nlA:0
    Line Starts: 59:1770 60:1799 61:1800 62:1813
    Set Selection (2) - sz:62:1813 - slFr:1281 - slTo:1281 - nlA:0
    Line Starts: 59:1770 60:1799 61:1800 62:1813
  CMD: WM_LBUTTONUP (D)
    Extend Selection - Text: 7c4a6d0 - L: 48 - C: 16 (x1)
    Text - sz:62:1813 - slFr:48:16:1281 - slTo:48:16:1281 - nlA:0
    Line Starts: 59:1770 60:1799 61:1800 62:1813
  CMD: WM_LBUTTONDOWN (D)
    Set Selection (1) - Text: 7c4a6d0 - L: 49 - C: 23
    Text - sz:62:1813 - slFr:1281 - slTo:1281 - nlA:0
    Line Starts: 59:1770 60:1799 61:1800 62:1813
    Set Selection (2) - sz:62:1813 - slFr:1351 - slTo:1351 - nlA:0
    Line Starts: 59:1770 60:1799 61:1800 62:1813
  CMD: WM_LBUTTONUP (D)
    Extend Selection - Text: 7c4a6d0 - L: 49 - C: 23 (x1)
    Text - sz:62:1813 - slFr:49:23:1351 - slTo:49:23:1351 - nlA:0
    Line Starts: 59:1770 60:1799 61:1800 62:1813
  CMD: WM_LBUTTONDOWN (D)
    Set Selection (1) - Text: 7c4a6d0 - L: 51 - C: 11
    Text - sz:62:1813 - slFr:1351 - slTo:1351 - nlA:0
    Line Starts: 59:1770 60:1799 61:1800 62:1813
    Set Selection (2) - sz:62:1813 - slFr:1413 - slTo:1413 - nlA:0
    Line Starts: 59:1770 60:1799 61:1800 62:1813
  CMD: WM_LBUTTONUP (D)
    Extend Selection - Text: 7c4a6d0 - L: 51 - C: 11 (x1)
    Text - sz:62:1813 - slFr:51:11:1413 - slTo:51:11:1413 - nlA:0
    Line Starts: 59:1770 60:1799 61:1800 62:1813
  CMD: WM_LBUTTONDOWN (D)
    Set Selection (1) - Text: 7c4a6d0 - L: 52 - C: 24
    Text - sz:62:1813 - slFr:1413 - slTo:1413 - nlA:0
    Line Starts: 59:1770 60:1799 61:1800 62:1813
    Set Selection (2) - sz:62:1813 - slFr:1474 - slTo:1474 - nlA:0
    Line Starts: 59:1770 60:1799 61:1800 62:1813
  CMD: WM_LBUTTONUP (D)
    Extend Selection - Text: 7c4a6d0 - L: 52 - C: 24 (x1)
    Text - sz:62:1813 - slFr:52:24:1474 - slTo:52:24:1474 - nlA:0
    Line Starts: 59:1770 60:1799 61:1800 62:1813
  CMD: WM_LBUTTONDOWN (D)
    Set Selection (1) - Text: 7c4a6d0 - L: 53 - C: 24
    Text - sz:62:1813 - slFr:1474 - slTo:1474 - nlA:0
    Line Starts: 59:1770 60:1799 61:1800 62:1813
    Set Selection (2) - sz:62:1813 - slFr:1561 - slTo:1561 - nlA:0
    Line Starts: 59:1770 60:1799 61:1800 62:1813
  CMD: WM_LBUTTONUP (D)
    Extend Selection - Text: 7c4a6d0 - L: 53 - C: 24 (x1)
    Text - sz:62:1813 - slFr:53:24:1561 - slTo:53:24:1561 - nlA:0
    Line Starts: 59:1770 60:1799 61:1800 62:1813
  CMD: WM_LBUTTONDOWN (D)
    Set Selection (1) - Text: 7c4a6d0 - L: 55 - C: 25
    Text - sz:62:1813 - slFr:1561 - slTo:1561 - nlA:0
    Line Starts: 59:1770 60:1799 61:1800 62:1813
    Set Selection (2) - sz:62:1813 - slFr:1722 - slTo:1722 - nlA:0
    Line Starts: 59:1770 60:1799 61:1800 62:1813
  CMD: WM_LBUTTONUP (D)
    Extend Selection - Text: 7c4a6d0 - L: 55 - C: 25 (x1)
    Text - sz:62:1813 - slFr:55:25:1722 - slTo:55:25:1722 - nlA:0
    Line Starts: 59:1770 60:1799 61:1800 62:1813
  CMD: WM_LBUTTONDOWN (D)
    Set Selection (1) - Text: 7c4a6d0 - L: 58 - C: 6
    Text - sz:62:1813 - slFr:1722 - slTo:1722 - nlA:0
    Line Starts: 59:1770 60:1799 61:1800 62:1813
    Set Selection (2) - sz:62:1813 - slFr:1747 - slTo:1747 - nlA:0
    Line Starts: 59:1770 60:1799 61:1800 62:1813
  CMD: WM_LBUTTONUP (D)
    Extend Selection - Text: 7c4a6d0 - L: 58 - C: 6 (x1)
    Text - sz:62:1813 - slFr:58:6:1747 - slTo:58:6:1747 - nlA:0
    Line Starts: 59:1770 60:1799 61:1800 62:1813
  CMD: WM_LBUTTONDOWN (D)
    Set Selection (1) - Text: 7c4a6d0 - L: 59 - C: 6
    Text - sz:62:1813 - slFr:1747 - slTo:1747 - nlA:0
    Line Starts: 59:1770 60:1799 61:1800 62:1813
    Set Selection (2) - sz:62:1813 - slFr:1776 - slTo:1776 - nlA:0
    Line Starts: 59:1770 60:1799 61:1800 62:1813
  CMD: WM_LBUTTONUP (D)
    Extend Selection - Text: 7c4a6d0 - L: 59 - C: 6 (x1)
    Text - sz:62:1813 - slFr:59:6:1776 - slTo:59:6:1776 - nlA:0
    Line Starts: 59:1770 60:1799 61:1800 62:1813
  CMD: WM_ACTIVATE (W)
  CMD: WM_ACTIVATE (W)
  CMD: WM_LBUTTONDOWN (D)
    Set Selection (1) - Text: 7c4ac90 - L: 19 - C: 44
    Text - sz:20:743 - slFr:19:32:742 - slTo:19:32:742 - nlA:0
    Line Starts: 17:657 18:677 19:710 20:743
    Set Selection (2) - sz:20:743 - slFr:742 - slTo:742 - nlA:0
    Line Starts: 17:657 18:677 19:710 20:743
    Extend Selection - Text: 7c4ac90 - L: 19 - C: 44 (x2)
    Text - sz:20:743 - slFr:742 - slTo:742 - nlA:0
    Line Starts: 17:657 18:677 19:710 20:743
  CMD: WM_LBUTTONUP (D)
    Extend Selection - Text: 7c4ac90 - L: 19 - C: 44 (x1)
    Text - sz:20:743 - slFr:742 - slTo:742 - nlA:0
    Line Starts: 17:657 18:677 19:710 20:743
  CMD: WM_ACTIVATE (W)
  CMD: WM_ACTIVATE (W)
  CMD: WM_ACTIVATE (W)
  CMD: WM_ACTIVATE (W)
  CMD: WM_LBUTTONDOWN (D)
    Set Selection (1) - Text: 7c4a6d0 - L: 31 - C: 38
    Text - sz:62:1813 - slFr:59:6:1776 - slTo:59:6:1776 - nlA:0
    Line Starts: 59:1770 60:1799 61:1800 62:1813
    Set Selection (2) - sz:62:1813 - slFr:897 - slTo:897 - nlA:0
    Line Starts: 59:1770 60:1799 61:1800 62:1813
    Extend Selection - Text: 7c4a6d0 - L: 31 - C: 38 (x3)
    Text - sz:62:1813 - slFr:897 - slTo:897 - nlA:0
    Line Starts: 59:1770 60:1799 61:1800 62:1813
  CMD: WM_LBUTTONUP (D)
    Extend Selection - Text: 7c4a6d0 - L: 31 - C: 38 (x1)
    Text - sz:62:1813 - slFr:897 - slTo:897 - nlA:0
    Line Starts: 59:1770 60:1799 61:1800 62:1813
  CMD: WM_SETFOCUS (W)
  CMD: COMMAND_OPEN_FILE (W)
  CMD: WM_ACTIVATE (W)
  CMD: WM_ACTIVATE (W)
    Create File (W1) - Name: C:\Users\remai\Desktop\game\game\klondike\selectStacks.t - Skel: 0
  CMD: WM_CREATE (W)
  CMD: WM_CREATE (D)
  CMD: WM_ACTIVATE (W)
  CMD: WM_ACTIVATE (W)
    Open File (1) - Window: 5b13a4 - Name: C:\Users\remai\Desktop\game\game\klondike\selectStacks.t - Example: <null>
    Set New Text (1) - Text: 7c4ad48 - size: 823
    Set New Text (2) - sz:19:832 - slFr:0 - slTo:0 - nlA:0
    Line Starts: 16:792 17:807 18:818 19:832
    Set Turing Values - Window: 5b13a4 - fileno: 104 - sizeptr: 6529ac - where: 52


Registers
  EAX=00000000  EBX=02872F91  ECX=0000006B  EDX=0000006B  ESI=0AACFBE9
  EDI=00000073  EBP=0019CDF0  ESP=0019CDD8  EIP=0045F3F0  FLG=00210202
  CS=0023  DS=002B  SS=002B  ES=002B  FS=0053  GS=002B

Not enough space for modules.

------------------------------------------------------

Crashed in Crash Handler!
